<?xml version="1.0" encoding="UTF-8"?>
<testng-results ignored="0" total="1" passed="1" failed="0" skipped="0">
  <reporter-output>
  </reporter-output>
  <suite started-at="2022-07-29T09:28:10Z" name="Default suite" finished-at="2022-07-29T09:28:25Z" duration-ms="14911">
    <groups>
    </groups>
    <test started-at="2022-07-29T09:28:10Z" name="Default test" finished-at="2022-07-29T09:28:25Z" duration-ms="14911">
      <class name="tests.LoginPageTest">
        <test-method is-config="true" signature="StartDriver()[pri:0, instance:tests.LoginPageTest@19e4653c]" started-at="2022-07-29T09:27:50Z" name="StartDriver" finished-at="2022-07-29T09:28:10Z" duration-ms="19282" status="PASS">
          <reporter-output>
          </reporter-output>
        </test-method> <!-- StartDriver -->
        <test-method signature="LoginSteps(java.lang.String, java.lang.String)[pri:0, instance:tests.LoginPageTest@19e4653c]" started-at="2022-07-29T09:28:10Z" name="LoginSteps" data-provider="loginData" finished-at="2022-07-29T09:28:25Z" duration-ms="14868" status="PASS">
          <params>
            <param index="0">
              <value>
                <![CDATA[saherhassan_99@hotmail.com]]>
              </value>
            </param>
            <param index="1">
              <value>
                <![CDATA[London@10]]>
              </value>
            </param>
          </params>
          <reporter-output>
          </reporter-output>
        </test-method> <!-- LoginSteps -->
        <test-method is-config="true" signature="StopDriver()[pri:0, instance:tests.LoginPageTest@19e4653c]" started-at="2022-07-29T09:28:25Z" name="StopDriver" finished-at="2022-07-29T09:28:25Z" duration-ms="0" status="PASS">
          <reporter-output>
          </reporter-output>
        </test-method> <!-- StopDriver -->
      </class> <!-- tests.LoginPageTest -->
    </test> <!-- Default test -->
  </suite> <!-- Default suite -->
</testng-results>
